#
# There is insufficient memory for the Java Runtime Environment to continue.
# Native memory allocation (malloc) failed to allocate 714576 bytes for Chunk::new
# Possible reasons:
#   The system is out of physical RAM or swap space
#   The process is running with CompressedOops enabled, and the Java Heap may be blocking the growth of the native heap
# Possible solutions:
#   Reduce memory load on the system
#   Increase physical memory or swap space
#   Check if swap backing store is full
#   Decrease Java heap size (-Xmx/-Xms)
#   Decrease number of Java threads
#   Decrease Java thread stack sizes (-Xss)
#   Set larger code cache with -XX:ReservedCodeCacheSize=
#   JVM is running with Unscaled Compressed Oops mode in which the Java heap is
#     placed in the first 4GB address space. The Java Heap base address is the
#     maximum limit for the native heap growth. Please use -XX:HeapBaseMinAddress
#     to set the Java Heap base and to place the Java Heap above 4GB virtual address.
# This output file may be truncated or incomplete.
#
#  Out of Memory Error (allocation.cpp:389), pid=96728, tid=0x0000000000018c58
#
# JRE version: OpenJDK Runtime Environment (8.0_212-b04) (build 1.8.0_212-release-1586-b04)
# Java VM: OpenJDK 64-Bit Server VM (25.212-b04 mixed mode windows-amd64 compressed oops)
# Failed to write core dump. Minidumps are not enabled by default on client versions of Windows
#

---------------  T H R E A D  ---------------

Current thread (0x0000000018fa4000):  JavaThread "C2 CompilerThread2" daemon [_thread_in_native, id=101464, stack(0x00000000199a0000,0x0000000019aa0000)]

Stack: [0x00000000199a0000,0x0000000019aa0000]
[error occurred during error reporting (printing stack bounds), id 0xc0000005]

Native frames: (J=compiled Java code, j=interpreted, Vv=VM code, C=native code)


Current CompileTask:
C2:1153040 18109       4       com.google.common.collect.ImmutableSortedMap$Builder::build (229 bytes)


---------------  P R O C E S S  ---------------

Java Threads: ( => current thread )
  0x0000000020305800 JavaThread "Cache worker for execution history cache (C:\Users\gjgustjd\AndroidStudioProjects\dynamiccare_kiosk\.gradle\5.6.4\executionHistory)" [_thread_blocked, id=103160, stack(0x0000000027fc0000,0x00000000280c0000)]
  0x0000000020303000 JavaThread "Execution worker for ':' Thread 7" [_thread_in_vm, id=103272, stack(0x0000000026e00000,0x0000000026f00000)]
  0x00000000202fa000 JavaThread "Execution worker for ':' Thread 6" [_thread_blocked, id=97808, stack(0x0000000026d00000,0x0000000026e00000)]
  0x0000000020300000 JavaThread "Execution worker for ':' Thread 5" [_thread_in_native, id=101312, stack(0x0000000026c00000,0x0000000026d00000)]
  0x00000000202f8800 JavaThread "Execution worker for ':' Thread 4" [_thread_blocked, id=103676, stack(0x00000000268d0000,0x00000000269d0000)]
  0x00000000202ff000 JavaThread "Execution worker for ':' Thread 3" [_thread_blocked, id=104172, stack(0x00000000267d0000,0x00000000268d0000)]
  0x00000000202f7800 JavaThread "Execution worker for ':' Thread 2" [_thread_in_vm, id=101984, stack(0x00000000264d0000,0x00000000265d0000)]
  0x00000000202fe800 JavaThread "Execution worker for ':'" [_thread_blocked, id=63264, stack(0x00000000263d0000,0x00000000264d0000)]
  0x00000000202fd800 JavaThread "Cache worker for file content cache (C:\Users\gjgustjd\AndroidStudioProjects\dynamiccare_kiosk\.gradle\5.6.4\fileContent)" [_thread_blocked, id=101384, stack(0x0000000025ca0000,0x0000000025da0000)]
  0x00000000202fc000 JavaThread "Cache worker for Build Output Cleanup Cache (C:\Users\gjgustjd\AndroidStudioProjects\dynamiccare_kiosk\.gradle\buildOutputCleanup)" [_thread_blocked, id=100148, stack(0x00000000257a0000,0x00000000258a0000)]
  0x00000000202fa800 JavaThread "Build operations Thread 8" [_thread_blocked, id=68464, stack(0x0000000024ca0000,0x0000000024da0000)]
  0x00000000202fb800 JavaThread "Build operations Thread 7" [_thread_blocked, id=100580, stack(0x00000000245a0000,0x00000000246a0000)]
  0x000000002701c800 JavaThread "Build operations Thread 6" [_thread_blocked, id=100996, stack(0x00000000244a0000,0x00000000245a0000)]
  0x000000002701d000 JavaThread "Build operations Thread 5" [_thread_blocked, id=99560, stack(0x0000000022320000,0x0000000022420000)]
  0x000000002701b800 JavaThread "Build operations Thread 4" [_thread_blocked, id=99484, stack(0x00000000220c0000,0x00000000221c0000)]
  0x000000002701b000 JavaThread "Build operations Thread 3" [_thread_blocked, id=102808, stack(0x0000000021fc0000,0x00000000220c0000)]
  0x000000002701a000 JavaThread "Build operations Thread 2" [_thread_blocked, id=73972, stack(0x0000000021ec0000,0x0000000021fc0000)]
  0x0000000027012800 JavaThread "Build operations" [_thread_blocked, id=99536, stack(0x0000000021dc0000,0x0000000021ec0000)]
  0x0000000027019800 JavaThread "Cache worker for cache directory md-rule (C:\Users\gjgustjd\.gradle\caches\5.6.4\md-rule)" [_thread_blocked, id=103320, stack(0x0000000021cc0000,0x0000000021dc0000)]
  0x0000000027012000 JavaThread "Cache worker for cache directory md-supplier (C:\Users\gjgustjd\.gradle\caches\5.6.4\md-supplier)" [_thread_blocked, id=102628, stack(0x00000000219c0000,0x0000000021ac0000)]
  0x0000000027018800 JavaThread "Cache worker for file hash cache (C:\Users\gjgustjd\AndroidStudioProjects\dynamiccare_kiosk\.gradle\5.6.4\fileHashes)" [_thread_blocked, id=103572, stack(0x000000001fe00000,0x000000001ff00000)]
  0x0000000027015800 JavaThread "Thread-107" [_thread_blocked, id=104116, stack(0x000000001fa20000,0x000000001fb20000)]
  0x0000000027015000 JavaThread "Stdin handler" [_thread_blocked, id=104332, stack(0x000000001bfb0000,0x000000001c0b0000)]
  0x0000000027011000 JavaThread "Asynchronous log dispatcher for DefaultDaemonConnection: socket connection from /127.0.0.1:52551 to /127.0.0.1:53652" [_thread_blocked, id=103728, stack(0x000000001beb0000,0x000000001bfb0000)]
  0x0000000027014000 JavaThread "Daemon worker Thread 3" [_thread_in_Java, id=98224, stack(0x000000001bdb0000,0x000000001beb0000)]
  0x0000000027013800 JavaThread "Cancel handler" [_thread_blocked, id=103088, stack(0x000000001bab0000,0x000000001bbb0000)]
  0x0000000027016800 JavaThread "Handler for socket connection from /127.0.0.1:52551 to /127.0.0.1:53652" [_thread_in_native, id=82376, stack(0x000000001b9b0000,0x000000001bab0000)]
  0x0000000027017000 JavaThread "Daemon Thread 3" [_thread_blocked, id=99952, stack(0x000000001b5b0000,0x000000001b6b0000)]
  0x0000000020301800 JavaThread "Cache worker for Java compile cache (C:\Users\gjgustjd\.gradle\caches\5.6.4\javaCompile)" [_thread_blocked, id=103060, stack(0x00000000280c0000,0x00000000281c0000)]
  0x000000001d9fe800 JavaThread "Cache worker for file content cache (C:\Users\gjgustjd\.gradle\caches\5.6.4\fileContent)" [_thread_blocked, id=103720, stack(0x00000000256a0000,0x00000000257a0000)]
  0x000000001d9f2800 JavaThread "Memory manager" [_thread_blocked, id=103744, stack(0x00000000255a0000,0x00000000256a0000)]
  0x000000001d9f6000 JavaThread "Cache worker for execution history cache (C:\Users\gjgustjd\.gradle\caches\5.6.4\executionHistory)" [_thread_blocked, id=82096, stack(0x0000000022220000,0x0000000022320000)]
  0x000000001b355800 JavaThread "Cache worker for journal cache (C:\Users\gjgustjd\.gradle\caches\journal-1)" [_thread_blocked, id=88484, stack(0x000000001c7b0000,0x000000001c8b0000)]
  0x000000001b350000 JavaThread "File lock request listener" [_thread_in_native, id=103724, stack(0x000000001c6b0000,0x000000001c7b0000)]
  0x000000001b2d3000 JavaThread "Cache worker for file hash cache (C:\Users\gjgustjd\.gradle\caches\5.6.4\fileHashes)" [_thread_blocked, id=103736, stack(0x000000001c5b0000,0x000000001c6b0000)]
  0x000000001adc1800 JavaThread "Daemon periodic checks" [_thread_blocked, id=73792, stack(0x000000001b8b0000,0x000000001b9b0000)]
  0x000000001a917800 JavaThread "Incoming local TCP Connector on port 52551" [_thread_in_native, id=101756, stack(0x000000001b6d0000,0x000000001b7d0000)]
  0x000000001aeb6000 JavaThread "Daemon health stats" [_thread_blocked, id=74612, stack(0x00000000012c0000,0x00000000013c0000)]
  0x0000000019023000 JavaThread "Service Thread" daemon [_thread_blocked, id=101492, stack(0x0000000019ba0000,0x0000000019ca0000)]
  0x000000001710e800 JavaThread "C1 CompilerThread3" daemon [_thread_blocked, id=101468, stack(0x0000000019aa0000,0x0000000019ba0000)]
=>0x0000000018fa4000 JavaThread "C2 CompilerThread2" daemon [_thread_in_native, id=101464, stack(0x00000000199a0000,0x0000000019aa0000)]
  0x0000000018fa0800 JavaThread "C2 CompilerThread1" daemon [_thread_blocked, id=101460, stack(0x00000000198a0000,0x00000000199a0000)]
  0x0000000018f92800 JavaThread "C2 CompilerThread0" daemon [_thread_blocked, id=101456, stack(0x00000000197a0000,0x00000000198a0000)]
  0x0000000018f3f800 JavaThread "Attach Listener" daemon [_thread_blocked, id=101452, stack(0x00000000196a0000,0x00000000197a0000)]
  0x0000000018f3e800 JavaThread "Signal Dispatcher" daemon [_thread_blocked, id=101448, stack(0x00000000195a0000,0x00000000196a0000)]
  0x0000000018f21000 JavaThread "Finalizer" daemon [_thread_blocked, id=101380, stack(0x0000000019400000,0x0000000019500000)]
  0x0000000018f20800 JavaThread "Reference Handler" daemon [_thread_blocked, id=98928, stack(0x0000000019300000,0x0000000019400000)]
  0x0000000003212800 JavaThread "main" [_thread_blocked, id=99972, stack(0x00000000030f0000,0x00000000031f0000)]

Other Threads:
  0x00000000170f6000 VMThread [stack: 0x0000000018e00000,0x0000000018f00000] [id=98100]
  0x0000000019024000 WatcherThread [stack: 0x0000000019ca0000,0x0000000019da0000] [id=101496]

VM state:at safepoint (normal execution)

VM Mutex/Monitor currently owned by a thread:  ([mutex/lock_event])
[0x000000000114dc70] Safepoint_lock - owner thread: 0x00000000170f6000
[0x000000000114e470] Threads_lock - owner thread: 0x00000000170f6000

heap address: 0x00000000a0000000, size: 1536 MB, Compressed Oops mode: 32-bit
Narrow klass base: 0x0000000000000000, Narrow klass shift: 3
Compressed class space size: 1073741824 Address: 0x0000000100000000

Heap:
 PSYoungGen      total 180736K, used 161481K [0x00000000e0000000, 0x00000000edd80000, 0x0000000100000000)
  eden space 160256K, 93% used [0x00000000e0000000,0x00000000e929fd78,0x00000000e9c80000)
  from space 20480K, 55% used [0x00000000e9c80000,0x00000000ea7926a0,0x00000000eb080000)
  to   space 20480K, 0% used [0x00000000ec980000,0x00000000ec980000,0x00000000edd80000)
 ParOldGen       total 102400K, used 57669K [0x00000000a0000000, 0x00000000a6400000, 0x00000000e0000000)
  object space 102400K, 56% used [0x00000000a0000000,0x00000000a3851438,0x00000000a6400000)
 Metaspace       used 90654K, capacity 95603K, committed 95872K, reserved 1132544K
  class space    used 11925K, capacity 12910K, committed 12928K, reserved 1048576K

Card table byte_map: [0x00000000126e0000,0x00000000129f0000] byte_map_base: 0x00000000121e0000

Marking Bits: (ParMarkBitMap*) 0x0000000055d69f30
 Begin Bits: [0x00000000133f0000, 0x0000000014bf0000)
 End Bits:   [0x0000000014bf0000, 0x00000000163f0000)

Polling page: 0x00000000031f0000

CodeCache: size=245760Kb used=49397Kb max_used=49598Kb free=196362Kb
 bounds [0x0000000003320000, 0x00000000063d0000, 0x0000000012320000]
 total_blobs=15498 nmethods=14622 adapters=785
 compilation: enabled

Compilation events (10 events):
Event: 1152.497 Thread 0x0000000018f92800 nmethod 18107 0x00000000034ee290 code [0x00000000034ee400, 0x00000000034ee6d8]
Event: 1152.533 Thread 0x0000000018fa4000 18109       4       com.google.common.collect.ImmutableSortedMap$Builder::build (229 bytes)
Event: 1152.534 Thread 0x0000000018f92800 18110       4       com.google.common.collect.ImmutableSortedMap$Builder::<init> (32 bytes)
Event: 1152.538 Thread 0x0000000018f92800 nmethod 18110 0x000000000566dfd0 code [0x000000000566e120, 0x000000000566e438]
Event: 1152.580 Thread 0x0000000018fa0800 nmethod 18108 0x0000000003c26ed0 code [0x0000000003c27120, 0x0000000003c28340]
Event: 1152.923 Thread 0x0000000018f92800 18111       4       org.gradle.internal.fingerprint.impl.AbsolutePathFingerprintingStrategy$1::preVisitDirectory (49 bytes)
Event: 1152.931 Thread 0x0000000018f92800 nmethod 18111 0x0000000005d5f210 code [0x0000000005d5f3a0, 0x0000000005d5fa18]
Event: 1152.983 Thread 0x000000001710e800 18112       1       org.gradle.internal.fingerprint.classpath.impl.ClasspathFingerprintingStrategy::getHashingStrategy (4 bytes)
Event: 1152.983 Thread 0x000000001710e800 nmethod 18112 0x0000000005448010 code [0x0000000005448160, 0x0000000005448270]
Event: 1153.013 Thread 0x000000001710e800 18113       3       com.android.build.gradle.internal.LoggerWrapper::verbose (10 bytes)

GC Heap History (10 events):
Event: 109.011 GC heap before
{Heap before GC invocations=22 (full 3):
 PSYoungGen      total 140800K, used 140787K [0x00000000e0000000, 0x00000000eae80000, 0x0000000100000000)
  eden space 126976K, 100% used [0x00000000e0000000,0x00000000e7c00000,0x00000000e7c00000)
  from space 13824K, 99% used [0x00000000e8e80000,0x00000000e9bfcf60,0x00000000e9c00000)
  to   space 18944K, 0% used [0x00000000e7c00000,0x00000000e7c00000,0x00000000e8e80000)
 ParOldGen       total 102400K, used 46402K [0x00000000a0000000, 0x00000000a6400000, 0x00000000e0000000)
  object space 102400K, 45% used [0x00000000a0000000,0x00000000a2d509f8,0x00000000a6400000)
 Metaspace       used 72855K, capacity 75639K, committed 75904K, reserved 1114112K
  class space    used 9670K, capacity 10262K, committed 10368K, reserved 1048576K
Event: 109.030 GC heap after
Heap after GC invocations=22 (full 3):
 PSYoungGen      total 145920K, used 7120K [0x00000000e0000000, 0x00000000eae80000, 0x0000000100000000)
  eden space 126976K, 0% used [0x00000000e0000000,0x00000000e0000000,0x00000000e7c00000)
  from space 18944K, 37% used [0x00000000e7c00000,0x00000000e82f40f0,0x00000000e8e80000)
  to   space 18432K, 0% used [0x00000000e9c80000,0x00000000e9c80000,0x00000000eae80000)
 ParOldGen       total 102400K, used 51705K [0x00000000a0000000, 0x00000000a6400000, 0x00000000e0000000)
  object space 102400K, 50% used [0x00000000a0000000,0x00000000a327e628,0x00000000a6400000)
 Metaspace       used 72855K, capacity 75639K, committed 75904K, reserved 1114112K
  class space    used 9670K, capacity 10262K, committed 10368K, reserved 1048576K
}
Event: 110.369 GC heap before
{Heap before GC invocations=23 (full 3):
 PSYoungGen      total 145920K, used 134096K [0x00000000e0000000, 0x00000000eae80000, 0x0000000100000000)
  eden space 126976K, 100% used [0x00000000e0000000,0x00000000e7c00000,0x00000000e7c00000)
  from space 18944K, 37% used [0x00000000e7c00000,0x00000000e82f40f0,0x00000000e8e80000)
  to   space 18432K, 0% used [0x00000000e9c80000,0x00000000e9c80000,0x00000000eae80000)
 ParOldGen       total 102400K, used 51705K [0x00000000a0000000, 0x00000000a6400000, 0x00000000e0000000)
  object space 102400K, 50% used [0x00000000a0000000,0x00000000a327e628,0x00000000a6400000)
 Metaspace       used 81288K, capacity 85335K, committed 85632K, reserved 1122304K
  class space    used 10930K, capacity 11784K, committed 11904K, reserved 1048576K
Event: 110.413 GC heap after
Heap after GC invocations=23 (full 3):
 PSYoungGen      total 157696K, used 18430K [0x00000000e0000000, 0x00000000ebb00000, 0x0000000100000000)
  eden space 139264K, 0% used [0x00000000e0000000,0x00000000e0000000,0x00000000e8800000)
  from space 18432K, 99% used [0x00000000e9c80000,0x00000000eae7faa8,0x00000000eae80000)
  to   space 20992K, 0% used [0x00000000e8800000,0x00000000e8800000,0x00000000e9c80000)
 ParOldGen       total 102400K, used 52079K [0x00000000a0000000, 0x00000000a6400000, 0x00000000e0000000)
  object space 102400K, 50% used [0x00000000a0000000,0x00000000a32dbc78,0x00000000a6400000)
 Metaspace       used 81288K, capacity 85335K, committed 85632K, reserved 1122304K
  class space    used 10930K, capacity 11784K, committed 11904K, reserved 1048576K
}
Event: 111.626 GC heap before
{Heap before GC invocations=24 (full 3):
 PSYoungGen      total 157696K, used 157694K [0x00000000e0000000, 0x00000000ebb00000, 0x0000000100000000)
  eden space 139264K, 100% used [0x00000000e0000000,0x00000000e8800000,0x00000000e8800000)
  from space 18432K, 99% used [0x00000000e9c80000,0x00000000eae7faa8,0x00000000eae80000)
  to   space 20992K, 0% used [0x00000000e8800000,0x00000000e8800000,0x00000000e9c80000)
 ParOldGen       total 102400K, used 52079K [0x00000000a0000000, 0x00000000a6400000, 0x00000000e0000000)
  object space 102400K, 50% used [0x00000000a0000000,0x00000000a32dbc78,0x00000000a6400000)
 Metaspace       used 82205K, capacity 86371K, committed 86400K, reserved 1124352K
  class space    used 11053K, capacity 11896K, committed 11904K, reserved 1048576K
Event: 111.640 GC heap after
Heap after GC invocations=24 (full 3):
 PSYoungGen      total 160256K, used 1088K [0x00000000e0000000, 0x00000000ec980000, 0x0000000100000000)
  eden space 139264K, 0% used [0x00000000e0000000,0x00000000e0000000,0x00000000e8800000)
  from space 20992K, 5% used [0x00000000e8800000,0x00000000e8910000,0x00000000e9c80000)
  to   space 21504K, 0% used [0x00000000eb480000,0x00000000eb480000,0x00000000ec980000)
 ParOldGen       total 102400K, used 57653K [0x00000000a0000000, 0x00000000a6400000, 0x00000000e0000000)
  object space 102400K, 56% used [0x00000000a0000000,0x00000000a384d438,0x00000000a6400000)
 Metaspace       used 82205K, capacity 86371K, committed 86400K, reserved 1124352K
  class space    used 11053K, capacity 11896K, committed 11904K, reserved 1048576K
}
Event: 116.345 GC heap before
{Heap before GC invocations=25 (full 3):
 PSYoungGen      total 160256K, used 140352K [0x00000000e0000000, 0x00000000ec980000, 0x0000000100000000)
  eden space 139264K, 100% used [0x00000000e0000000,0x00000000e8800000,0x00000000e8800000)
  from space 20992K, 5% used [0x00000000e8800000,0x00000000e8910000,0x00000000e9c80000)
  to   space 21504K, 0% used [0x00000000eb480000,0x00000000eb480000,0x00000000ec980000)
 ParOldGen       total 102400K, used 57653K [0x00000000a0000000, 0x00000000a6400000, 0x00000000e0000000)
  object space 102400K, 56% used [0x00000000a0000000,0x00000000a384d438,0x00000000a6400000)
 Metaspace       used 86479K, capacity 91243K, committed 91520K, reserved 1128448K
  class space    used 11688K, capacity 12616K, committed 12672K, reserved 1048576K
Event: 116.355 GC heap after
Heap after GC invocations=25 (full 3):
 PSYoungGen      total 176640K, used 7135K [0x00000000e0000000, 0x00000000ec480000, 0x0000000100000000)
  eden space 160256K, 0% used [0x00000000e0000000,0x00000000e0000000,0x00000000e9c80000)
  from space 16384K, 43% used [0x00000000eb480000,0x00000000ebb77c00,0x00000000ec480000)
  to   space 20480K, 0% used [0x00000000e9c80000,0x00000000e9c80000,0x00000000eb080000)
 ParOldGen       total 102400K, used 57661K [0x00000000a0000000, 0x00000000a6400000, 0x00000000e0000000)
  object space 102400K, 56% used [0x00000000a0000000,0x00000000a384f438,0x00000000a6400000)
 Metaspace       used 86479K, capacity 91243K, committed 91520K, reserved 1128448K
  class space    used 11688K, capacity 12616K, committed 12672K, reserved 1048576K
}
Event: 407.962 GC heap before
{Heap before GC invocations=26 (full 3):
 PSYoungGen      total 176640K, used 167391K [0x00000000e0000000, 0x00000000ec480000, 0x0000000100000000)
  eden space 160256K, 100% used [0x00000000e0000000,0x00000000e9c80000,0x00000000e9c80000)
  from space 16384K, 43% used [0x00000000eb480000,0x00000000ebb77c00,0x00000000ec480000)
  to   space 20480K, 0% used [0x00000000e9c80000,0x00000000e9c80000,0x00000000eb080000)
 ParOldGen       total 102400K, used 57661K [0x00000000a0000000, 0x00000000a6400000, 0x00000000e0000000)
  object space 102400K, 56% used [0x00000000a0000000,0x00000000a384f438,0x00000000a6400000)
 Metaspace       used 90145K, capacity 94939K, committed 95104K, reserved 1132544K
  class space    used 11887K, capacity 12842K, committed 12928K, reserved 1048576K
Event: 412.283 GC heap after
Heap after GC invocations=26 (full 3):
 PSYoungGen      total 180736K, used 11337K [0x00000000e0000000, 0x00000000edd80000, 0x0000000100000000)
  eden space 160256K, 0% used [0x00000000e0000000,0x00000000e0000000,0x00000000e9c80000)
  from space 20480K, 55% used [0x00000000e9c80000,0x00000000ea7926a0,0x00000000eb080000)
  to   space 20480K, 0% used [0x00000000ec980000,0x00000000ec980000,0x00000000edd80000)
 ParOldGen       total 102400K, used 57669K [0x00000000a0000000, 0x00000000a6400000, 0x00000000e0000000)
  object space 102400K, 56% used [0x00000000a0000000,0x00000000a3851438,0x00000000a6400000)
 Metaspace       used 90145K, capacity 94939K, committed 95104K, reserved 1132544K
  class space    used 11887K, capacity 12842K, committed 12928K, reserved 1048576K
}

Deoptimization events (10 events):
Event: 406.843 Thread 0x000000001d9f0000 Uncommon trap: reason=class_check action=maybe_recompile pc=0x00000000049b5274 method=org.gradle.internal.work.DefaultWorkerLeaseService$DefaultWorkerLease.acquireLock()Z @ 4
Event: 406.932 Thread 0x000000001d9f0000 Uncommon trap: reason=unstable_if action=reinterpret pc=0x000000000395ef58 method=com.google.common.collect.MapMakerInternalMap$Segment.getEntry(Ljava/lang/Object;I)Lcom/google/common/collect/MapMakerInternalMap$InternalEntry; @ 4
Event: 407.452 Thread 0x000000001d9f0000 Uncommon trap: reason=array_check action=maybe_recompile pc=0x0000000006039830 method=java.util.ComparableTimSort.binarySort([Ljava/lang/Object;III)V @ 193
Event: 407.664 Thread 0x000000001d9f0000 Uncommon trap: reason=bimorphic action=maybe_recompile pc=0x0000000005f0b86c method=java.util.stream.AbstractPipeline.copyIntoWithCancel(Ljava/util/stream/Sink;Ljava/util/Spliterator;)V @ 24
Event: 407.758 Thread 0x000000001d9f0000 Uncommon trap: reason=bimorphic action=maybe_recompile pc=0x0000000005f0b86c method=java.util.stream.AbstractPipeline.copyIntoWithCancel(Ljava/util/stream/Sink;Ljava/util/Spliterator;)V @ 24
Event: 414.037 Thread 0x0000000027014000 Uncommon trap: reason=unstable_if action=reinterpret pc=0x0000000003523560 method=java.util.concurrent.locks.LockSupport.unpark(Ljava/lang/Thread;)V @ 1
Event: 415.387 Thread 0x000000001d9f0000 Uncommon trap: reason=bimorphic action=maybe_recompile pc=0x0000000005f0b86c method=java.util.stream.AbstractPipeline.copyIntoWithCancel(Ljava/util/stream/Sink;Ljava/util/Spliterator;)V @ 24
Event: 1132.351 Thread 0x0000000027014000 Uncommon trap: reason=class_check action=maybe_recompile pc=0x00000000049b5274 method=org.gradle.internal.work.DefaultWorkerLeaseService$DefaultWorkerLease.acquireLock()Z @ 4
Event: 1151.064 Thread 0x00000000202fa000 Uncommon trap: reason=unstable_if action=reinterpret pc=0x0000000005f9c92c method=com.google.common.cache.LongAdder.add(J)V @ 95
Event: 1152.972 Thread 0x00000000202fa000 Uncommon trap: reason=unstable_if action=reinterpret pc=0x00000000038cc1b4 method=java.util.concurrent.locks.LockSupport.unpark(Ljava/lang/Thread;)V @ 1

Classes redefined (0 events):
No events

Internal exceptions (10 events):
Event: 114.517 Thread 0x000000001d84f800 Exception <a 'java/lang/NoSuchMethodError': java.lang.Object.newSystemTemporaryDirectory()Lcom/android/tools/build/apkzlib/bytestorage/TemporaryDirectory;> (0x00000000e5415840) thrown at [D:\src\AOSP-openjdk-cygwin\jdk8u\hotspot\src\share\vm\interpreter\l
Event: 114.657 Thread 0x000000001d84f800 Exception <a 'java/lang/NoSuchMethodError': java.lang.Object.lambda$static$0(Lcom/android/apksig/util/RunnablesProvider;)V> (0x00000000e5688848) thrown at [D:\src\AOSP-openjdk-cygwin\jdk8u\hotspot\src\share\vm\interpreter\linkResolver.cpp, line 620]
Event: 116.222 Thread 0x000000001a958800 Exception <a 'sun/nio/fs/WindowsException'> (0x00000000e82361c8) thrown at [D:\src\AOSP-openjdk-cygwin\jdk8u\hotspot\src\share\vm\prims\jni.cpp, line 710]
Event: 116.407 Thread 0x000000001a58c800 Exception <a 'java/lang/NoSuchMethodError': <clinit>> (0x00000000e0a92ae8) thrown at [D:\src\AOSP-openjdk-cygwin\jdk8u\hotspot\src\share\vm\prims\jni.cpp, line 1614]
Event: 116.407 Thread 0x000000001a58c800 Exception <a 'java/lang/NoSuchMethodError': <clinit>> (0x00000000e0a9e098) thrown at [D:\src\AOSP-openjdk-cygwin\jdk8u\hotspot\src\share\vm\prims\jni.cpp, line 1614]
Event: 116.410 Thread 0x000000001a58c800 Exception <a 'java/lang/NoSuchMethodError': <clinit>> (0x00000000e0aa88e0) thrown at [D:\src\AOSP-openjdk-cygwin\jdk8u\hotspot\src\share\vm\prims\jni.cpp, line 1614]
Event: 116.412 Thread 0x000000001a58c800 Exception <a 'java/lang/NoSuchMethodError': <clinit>> (0x00000000e0ac2da8) thrown at [D:\src\AOSP-openjdk-cygwin\jdk8u\hotspot\src\share\vm\prims\jni.cpp, line 1614]
Event: 116.414 Thread 0x000000001a58c800 Exception <a 'java/lang/NoSuchMethodError': <clinit>> (0x00000000e0ad6070) thrown at [D:\src\AOSP-openjdk-cygwin\jdk8u\hotspot\src\share\vm\prims\jni.cpp, line 1614]
Event: 176.936 Thread 0x000000001a958800 Exception <a 'sun/nio/fs/WindowsException'> (0x00000000e7b3be80) thrown at [D:\src\AOSP-openjdk-cygwin\jdk8u\hotspot\src\share\vm\prims\jni.cpp, line 710]
Event: 415.419 Thread 0x000000001d9f0000 Exception <a 'sun/nio/fs/WindowsException'> (0x00000000e4571e20) thrown at [D:\src\AOSP-openjdk-cygwin\jdk8u\hotspot\src\share\vm\prims\jni.cpp, line 710]

Events (10 events):
Event: 1152.073 Executing VM operation: RevokeBias
Event: 1152.080 Executing VM operation: RevokeBias done
Event: 1152.086 Executing VM operation: RevokeBias
Event: 1152.106 Executing VM operation: RevokeBias done
Event: 1152.106 Executing VM operation: RevokeBias
Event: 1152.140 Executing VM operation: RevokeBias done
Event: 1152.972 Thread 0x00000000202fa000 Uncommon trap: trap_request=0xffffff65 fr.pc=0x00000000038cc1b4
Event: 1152.972 Thread 0x00000000202fa000 DEOPT PACKING pc=0x00000000038cc1b4 sp=0x0000000026dfe2b0
Event: 1152.972 Thread 0x00000000202fa000 DEOPT UNPACKING pc=0x000000000336557b sp=0x0000000026dfe0b0 mode 2
Event: 1153.013 Executing VM operation: RevokeBias


Dynamic libraries:
0x00007ff637b10000 - 0x00007ff637b41000 	C:\Program Files\Android\Android Studio1\jre\bin\java.exe
0x00007ff89d300000 - 0x00007ff89d4f0000 	C:\WINDOWS\SYSTEM32\ntdll.dll
0x00007ff89cf90000 - 0x00007ff89d042000 	C:\WINDOWS\System32\KERNEL32.DLL
0x00007ff89a500000 - 0x00007ff89a7a4000 	C:\WINDOWS\System32\KERNELBASE.dll
0x00007ff89ccd0000 - 0x00007ff89cd73000 	C:\WINDOWS\System32\ADVAPI32.dll
0x00007ff89cab0000 - 0x00007ff89cb4e000 	C:\WINDOWS\System32\msvcrt.dll
0x00007ff89bc10000 - 0x00007ff89bca7000 	C:\WINDOWS\System32\sechost.dll
0x00007ff89cbb0000 - 0x00007ff89ccd0000 	C:\WINDOWS\System32\RPCRT4.dll
0x00007ff89c4b0000 - 0x00007ff89c644000 	C:\WINDOWS\System32\USER32.dll
0x00007ff89a430000 - 0x00007ff89a451000 	C:\WINDOWS\System32\win32u.dll
0x00007ff89ca00000 - 0x00007ff89ca26000 	C:\WINDOWS\System32\GDI32.dll
0x00007ff89a290000 - 0x00007ff89a425000 	C:\WINDOWS\System32\gdi32full.dll
0x00007ff89a7e0000 - 0x00007ff89a87e000 	C:\WINDOWS\System32\msvcp_win.dll
0x00007ff89a8e0000 - 0x00007ff89a9da000 	C:\WINDOWS\System32\ucrtbase.dll
0x00007ff8838a0000 - 0x00007ff883b24000 	C:\WINDOWS\WinSxS\amd64_microsoft.windows.common-controls_6595b64144ccf1df_6.0.18362.900_none_e6beb9d913147d17\COMCTL32.dll
0x00007ff89c6c0000 - 0x00007ff89c9f5000 	C:\WINDOWS\System32\combase.dll
0x00007ff89a460000 - 0x00007ff89a4e0000 	C:\WINDOWS\System32\bcryptPrimitives.dll
0x00007ff89bcb0000 - 0x00007ff89bcde000 	C:\WINDOWS\System32\IMM32.DLL
0x00000000553e0000 - 0x00000000554b2000 	C:\Program Files\Android\Android Studio1\jre\jre\bin\msvcr100.dll
0x00000000555a0000 - 0x0000000055de6000 	C:\Program Files\Android\Android Studio1\jre\jre\bin\server\jvm.dll
0x00007ff89bce0000 - 0x00007ff89bce8000 	C:\WINDOWS\System32\PSAPI.DLL
0x00007ff8983c0000 - 0x00007ff8983e4000 	C:\WINDOWS\SYSTEM32\WINMM.dll
0x00007ff88c9b0000 - 0x00007ff88c9ba000 	C:\WINDOWS\SYSTEM32\VERSION.dll
0x00007ff898390000 - 0x00007ff8983bd000 	C:\WINDOWS\SYSTEM32\winmmbase.dll
0x00007ff89aa90000 - 0x00007ff89aada000 	C:\WINDOWS\System32\cfgmgr32.dll
0x00007ff87d4d0000 - 0x00007ff87d4d9000 	C:\WINDOWS\SYSTEM32\WSOCK32.dll
0x00007ff89d050000 - 0x00007ff89d0bf000 	C:\WINDOWS\System32\WS2_32.dll
0x00007ff882650000 - 0x00007ff88265f000 	C:\Program Files\Android\Android Studio1\jre\jre\bin\verify.dll
0x00007ff87c250000 - 0x00007ff87c279000 	C:\Program Files\Android\Android Studio1\jre\jre\bin\java.dll
0x00007ff880140000 - 0x00007ff880156000 	C:\Program Files\Android\Android Studio1\jre\jre\bin\zip.dll
0x00007ff89bdc0000 - 0x00007ff89c4a6000 	C:\WINDOWS\System32\SHELL32.dll
0x00007ff89cd80000 - 0x00007ff89ce29000 	C:\WINDOWS\System32\shcore.dll
0x00007ff89ac30000 - 0x00007ff89b3b0000 	C:\WINDOWS\System32\windows.storage.dll
0x00007ff89a260000 - 0x00007ff89a283000 	C:\WINDOWS\System32\profapi.dll
0x00007ff89a1f0000 - 0x00007ff89a23a000 	C:\WINDOWS\System32\powrprof.dll
0x00007ff89a1c0000 - 0x00007ff89a1d0000 	C:\WINDOWS\System32\UMPDC.dll
0x00007ff89cb50000 - 0x00007ff89cba2000 	C:\WINDOWS\System32\shlwapi.dll
0x00007ff89a240000 - 0x00007ff89a251000 	C:\WINDOWS\System32\kernel.appcore.dll
0x00007ff89a4e0000 - 0x00007ff89a4f7000 	C:\WINDOWS\System32\cryptsp.dll
0x00007ff87d4f0000 - 0x00007ff87d50a000 	C:\Program Files\Android\Android Studio1\jre\jre\bin\net.dll
0x00007ff88c3d0000 - 0x00007ff88c5a6000 	C:\WINDOWS\SYSTEM32\urlmon.dll
0x00007ff88c700000 - 0x00007ff88c9a6000 	C:\WINDOWS\SYSTEM32\iertutil.dll
0x00007ff899ba0000 - 0x00007ff899bac000 	C:\WINDOWS\SYSTEM32\CRYPTBASE.DLL
0x00007ff8999d0000 - 0x00007ff899a37000 	C:\WINDOWS\system32\mswsock.dll
0x00007ff87cf70000 - 0x00007ff87cf83000 	C:\Program Files\Android\Android Studio1\jre\jre\bin\nio.dll
0x00007ff891510000 - 0x00007ff891536000 	C:\Users\gjgustjd\.gradle\native\30\windows-amd64\native-platform.dll
0x00007ff87d650000 - 0x00007ff87d65d000 	C:\Program Files\Android\Android Studio1\jre\jre\bin\management.dll
0x00007ff899540000 - 0x00007ff899573000 	C:\WINDOWS\system32\rsaenh.dll
0x00007ff89a7b0000 - 0x00007ff89a7d6000 	C:\WINDOWS\System32\bcrypt.dll
0x00007ff89a0e0000 - 0x00007ff89a105000 	C:\WINDOWS\SYSTEM32\USERENV.dll
0x00007ff8996e0000 - 0x00007ff89971a000 	C:\WINDOWS\SYSTEM32\IPHLPAPI.DLL
0x00007ff89b820000 - 0x00007ff89b828000 	C:\WINDOWS\System32\NSI.dll
0x00007ff891750000 - 0x00007ff891766000 	C:\WINDOWS\SYSTEM32\dhcpcsvc6.DLL
0x00007ff891300000 - 0x00007ff89131c000 	C:\WINDOWS\SYSTEM32\dhcpcsvc.DLL
0x00007ff899720000 - 0x00007ff8997eb000 	C:\WINDOWS\SYSTEM32\DNSAPI.dll

VM Arguments:
jvm_args: -Xmx1536m -Dfile.encoding=x-windows-949 -Duser.country=KR -Duser.language=ko -Duser.variant 
java_command: org.gradle.launcher.daemon.bootstrap.GradleDaemon 5.6.4
java_class_path (initial): C:\Users\gjgustjd\.gradle\wrapper\dists\gradle-5.6.4-all\ankdp27end7byghfw1q2sw75f\gradle-5.6.4\lib\gradle-launcher-5.6.4.jar
Launcher Type: SUN_STANDARD

Environment Variables:
JAVA_HOME=C:\Program Files\Java\jdk-9.0.4
PATH=C:\Program Files (x86)\NetSarang\Xshell 6\;C:\Python27\;C:\Python27\Scripts;C:\Program Files (x86)\Common Files\Oracle\Java\javapath;C:\Program Files\Java\jdk-9.0.4\bin;C:\ProgramData\chocolatey\bin;"C:\WINDOWS\system32;";C:\Program Files (x86)\PuTTY\;C:\Program Files\nodejs;C:\WINDOWS\system32;C:\WINDOWS;C:\WINDOWS\System32\Wbem;C:\WINDOWS\System32\WindowsPowerShell\v1.0\;C:\WINDOWS\System32\OpenSSH\;C:\Program Files\Git\cmd;C:\Program Files\Git\mingw64\bin;C:\Program Files\Git\usr\bin;C:\Program Files\nodejs\;C:\Users\gjgustjd\AppData\Local\Android\Sdk\platform-tools;C:\Users\gjgustjd\AppData\Local\Android\Sdk\platform-tools\;C:\Users\gjgustjd\Downloads\gradle-6.0.1-all\gradle-6.0.1\bin;C:\Users\gjgustjd\AppData\Local\Programs\Python\Python37\Scripts\;C:\Users\gjgustjd\AppData\Local\Programs\Python\Python37\;C:\Program Files\MySQL\MySQL Shell 8.0\bin\;C:\Users\gjgustjd\AppData\Local\Programs\Microsoft VS Code\bin;C:\Users\gjgustjd\AppData\Local\atom\bin;C:\Program Files\nodejs;C:\Program Files\JetBrains\IntelliJ IDEA Community Edition 2019.2.4\bin;C:\Program Files\JetBrains\IntelliJ IDEA 2019.2.4\bin;C:\Users\gjgustjd\AppData\Local\Microsoft\WindowsApps;C:\Users\gjgustjd\AppData\Roaming\npm;C:\Users\gjgustjd\AppData\Local\GitHubDesktop\bin
USERNAME=gjgustjd
OS=Windows_NT
PROCESSOR_IDENTIFIER=Intel64 Family 6 Model 142 Stepping 10, GenuineIntel



---------------  S Y S T E M  ---------------

OS: Windows 10.0 , 64 bit Build 18362 (10.0.18362.900)

CPU:total 8 (initial active 8) (4 cores per cpu, 2 threads per core) family 6 model 142 stepping 10, cmov, cx8, fxsr, mmx, sse, sse2, sse3, ssse3, sse4.1, sse4.2, popcnt, avx, avx2, aes, clmul, erms, 3dnowpref, lzcnt, ht, tsc, tscinvbit, bmi1, bmi2, adx

Memory: 4k page, physical 8262884k(842068k free), swap 14816480k(6140k free)

vm_info: OpenJDK 64-Bit Server VM (25.212-b04) for windows-amd64 JRE (1.8.0_212-release-1586-b04), built by "builder" with MS VC++ 10.0 (VS2010)

time: Sun Jul 12 23:48:39 2020
timezone: 대한민국 표준시
elapsed time: 1153 seconds (0d 0h 19m 13s)

